2022-06-08 19:05:01.450  INFO 4091 --- [main] ru.kpfu.itis.hotel.HotelApplication      : Starting HotelApplication using Java 17.0.1 on MacBook-Air-Milana.local with PID 4091 (/Users/milanamahsotova/Desktop/HWInfoProjects/semestrovka2/java-programming-4-kfu/Hotel/target/classes started by milanamahsotova in /Users/milanamahsotova/Desktop/HWInfoProjects/semestrovka2/java-programming-4-kfu/Hotel)
2022-06-08 19:05:01.461  INFO 4091 --- [main] ru.kpfu.itis.hotel.HotelApplication      : No active profile set, falling back to default profiles: default
2022-06-08 19:05:02.139  WARN 4091 --- [background-preinit] o.s.h.c.j.Jackson2ObjectMapperBuilder    : For Jackson Kotlin classes support please add "com.fasterxml.jackson.module:jackson-module-kotlin" to the classpath
2022-06-08 19:05:03.925  INFO 4091 --- [main] .s.d.r.c.RepositoryConfigurationDelegate : Bootstrapping Spring Data JPA repositories in DEFAULT mode.
2022-06-08 19:05:04.001  INFO 4091 --- [main] .s.d.r.c.RepositoryConfigurationDelegate : Finished Spring Data repository scanning in 58 ms. Found 4 JPA repository interfaces.
2022-06-08 19:05:04.726  INFO 4091 --- [main] trationDelegate$BeanPostProcessorChecker : Bean 'org.springframework.security.access.expression.method.DefaultMethodSecurityExpressionHandler@64469d8' of type [org.springframework.security.access.expression.method.DefaultMethodSecurityExpressionHandler] is not eligible for getting processed by all BeanPostProcessors (for example: not eligible for auto-proxying)
2022-06-08 19:05:04.731  INFO 4091 --- [main] trationDelegate$BeanPostProcessorChecker : Bean 'methodSecurityMetadataSource' of type [org.springframework.security.access.method.DelegatingMethodSecurityMetadataSource] is not eligible for getting processed by all BeanPostProcessors (for example: not eligible for auto-proxying)
2022-06-08 19:05:04.950  INFO 4091 --- [main] o.s.b.w.embedded.tomcat.TomcatWebServer  : Tomcat initialized with port(s): 8080 (http)
2022-06-08 19:05:04.961  INFO 4091 --- [main] o.apache.catalina.core.StandardService   : Starting service [Tomcat]
2022-06-08 19:05:04.965  INFO 4091 --- [main] org.apache.catalina.core.StandardEngine  : Starting Servlet engine: [Apache Tomcat/9.0.46]
2022-06-08 19:05:05.066  INFO 4091 --- [main] o.a.c.c.C.[Tomcat].[localhost].[/]       : Initializing Spring embedded WebApplicationContext
2022-06-08 19:05:05.068  INFO 4091 --- [main] w.s.c.ServletWebServerApplicationContext : Root WebApplicationContext: initialization completed in 3499 ms
2022-06-08 19:05:05.203  INFO 4091 --- [main] com.zaxxer.hikari.HikariDataSource       : HikariPool-1 - Starting...
2022-06-08 19:05:05.502  INFO 4091 --- [main] com.zaxxer.hikari.HikariDataSource       : HikariPool-1 - Start completed.
2022-06-08 19:05:05.576  INFO 4091 --- [main] o.hibernate.jpa.internal.util.LogHelper  : HHH000204: Processing PersistenceUnitInfo [name: default]
2022-06-08 19:05:05.599  INFO 4091 --- [main] org.hibernate.Version                    : HHH000412: Hibernate ORM core version 5.4.31.Final
2022-06-08 19:05:05.766  INFO 4091 --- [main] o.hibernate.annotations.common.Version   : HCANN000001: Hibernate Commons Annotations {5.1.2.Final}
2022-06-08 19:05:05.873  INFO 4091 --- [main] org.hibernate.dialect.Dialect            : HHH000400: Using dialect: org.hibernate.dialect.PostgreSQLDialect
2022-06-08 19:05:06.825  INFO 4091 --- [main] o.h.e.t.j.p.i.JtaPlatformInitiator       : HHH000490: Using JtaPlatform implementation: [org.hibernate.engine.transaction.jta.platform.internal.NoJtaPlatform]
2022-06-08 19:05:06.837  INFO 4091 --- [main] j.LocalContainerEntityManagerFactoryBean : Initialized JPA EntityManagerFactory for persistence unit 'default'
2022-06-08 19:05:08.448  WARN 4091 --- [main] JpaBaseConfiguration$JpaWebConfiguration : spring.jpa.open-in-view is enabled by default. Therefore, database queries may be performed during view rendering. Explicitly configure spring.jpa.open-in-view to disable this warning
2022-06-08 19:05:08.968  INFO 4091 --- [main] o.s.s.web.DefaultSecurityFilterChain     : Will secure Ant [pattern='/auth/**'] with [org.springframework.security.web.context.request.async.WebAsyncManagerIntegrationFilter@1331d6fd, org.springframework.security.web.context.SecurityContextPersistenceFilter@49de1505, org.springframework.security.web.header.HeaderWriterFilter@125124ea, org.springframework.security.web.csrf.CsrfFilter@5a654e05, org.springframework.security.web.authentication.logout.LogoutFilter@7204d98f, ru.kpfu.itis.hotel.security.oauth.VkOAuthAuthenticationFilter@15c4b1a4, org.springframework.security.web.savedrequest.RequestCacheAwareFilter@29e3c28, org.springframework.security.web.servletapi.SecurityContextHolderAwareRequestFilter@59c38af5, org.springframework.security.web.authentication.AnonymousAuthenticationFilter@6b6c0b7c, org.springframework.security.web.session.SessionManagementFilter@31450fc0, org.springframework.security.web.access.ExceptionTranslationFilter@6a7fc4c1, org.springframework.security.web.access.intercept.FilterSecurityInterceptor@53564a4c]
2022-06-08 19:05:08.995  INFO 4091 --- [main] o.s.s.web.DefaultSecurityFilterChain     : Will secure any request with [org.springframework.security.web.context.request.async.WebAsyncManagerIntegrationFilter@1238a074, org.springframework.security.web.context.SecurityContextPersistenceFilter@2c92f094, org.springframework.security.web.header.HeaderWriterFilter@27d6467, org.springframework.security.web.csrf.CsrfFilter@73c09a98, org.springframework.security.web.authentication.logout.LogoutFilter@182fd26b, org.springframework.security.web.authentication.UsernamePasswordAuthenticationFilter@4c3d72fd, org.springframework.security.web.savedrequest.RequestCacheAwareFilter@1c3b221f, org.springframework.security.web.servletapi.SecurityContextHolderAwareRequestFilter@750c23a3, org.springframework.security.web.authentication.rememberme.RememberMeAuthenticationFilter@640a6d4b, org.springframework.security.web.authentication.AnonymousAuthenticationFilter@35b58254, org.springframework.security.web.session.SessionManagementFilter@5bf1b528, org.springframework.security.web.access.ExceptionTranslationFilter@6f2bf657, org.springframework.security.web.access.intercept.FilterSecurityInterceptor@182dcd2b]
2022-06-08 19:05:09.031  INFO 4091 --- [main] o.s.s.web.DefaultSecurityFilterChain     : Will secure any request with [org.springframework.security.web.context.request.async.WebAsyncManagerIntegrationFilter@19f99aaf, org.springframework.security.web.context.SecurityContextPersistenceFilter@71cc0e35, org.springframework.security.web.header.HeaderWriterFilter@319058ce, org.springframework.security.web.csrf.CsrfFilter@2e2cd42c, org.springframework.security.web.authentication.logout.LogoutFilter@90394d, org.springframework.security.web.authentication.UsernamePasswordAuthenticationFilter@a302f30, org.springframework.security.web.authentication.ui.DefaultLoginPageGeneratingFilter@78f4d15d, org.springframework.security.web.authentication.ui.DefaultLogoutPageGeneratingFilter@5020e5ab, org.springframework.security.web.authentication.www.BasicAuthenticationFilter@47994b51, org.springframework.security.web.savedrequest.RequestCacheAwareFilter@3b6c740b, org.springframework.security.web.servletapi.SecurityContextHolderAwareRequestFilter@8091d80, org.springframework.security.web.authentication.AnonymousAuthenticationFilter@19f1f330, org.springframework.security.web.session.SessionManagementFilter@3909308c, org.springframework.security.web.access.ExceptionTranslationFilter@1cdad619, org.springframework.security.web.access.intercept.FilterSecurityInterceptor@d271d6c]
2022-06-08 19:05:09.947  INFO 4091 --- [main] o.s.b.w.embedded.tomcat.TomcatWebServer  : Tomcat started on port(s): 8080 (http) with context path ''
2022-06-08 19:05:09.976  INFO 4091 --- [main] ru.kpfu.itis.hotel.HotelApplication      : Started HotelApplication in 9.266 seconds (JVM running for 10.473)
2022-06-08 19:05:09.988  INFO 4091 --- [main] o.s.b.a.ApplicationAvailabilityBean      : Application availability state LivenessState changed to CORRECT
2022-06-08 19:05:10.010  INFO 4091 --- [main] o.s.b.a.ApplicationAvailabilityBean      : Application availability state ReadinessState changed to ACCEPTING_TRAFFIC
2022-06-08 19:05:10.654  INFO 4091 --- [http-nio-8080-exec-1] o.a.c.c.C.[Tomcat].[localhost].[/]       : Initializing Spring DispatcherServlet 'dispatcherServlet'
2022-06-08 19:05:10.656  INFO 4091 --- [http-nio-8080-exec-1] o.s.web.servlet.DispatcherServlet        : Initializing Servlet 'dispatcherServlet'
2022-06-08 19:05:10.662  INFO 4091 --- [http-nio-8080-exec-1] o.s.web.servlet.DispatcherServlet        : Completed initialization in 6 ms
